<?xml version="1.0" encoding="UTF-8"?>
<testng-results skipped="0" failed="0" ignored="0" total="1" passed="1">
  <reporter-output>
  </reporter-output>
  <suite name="Default suite" duration-ms="14344" started-at="2019-06-08T10:33:13Z" finished-at="2019-06-08T10:33:27Z">
    <groups>
    </groups>
    <test name="Default test" duration-ms="14344" started-at="2019-06-08T10:33:13Z" finished-at="2019-06-08T10:33:27Z">
      <class name="pageObjectTestCases.TC01Login">
        <test-method status="PASS" signature="initilialize()[pri:0, instance:pageObjectTestCases.TC01Login@359f7cdf]" name="initilialize" is-config="true" duration-ms="8558" started-at="2019-06-08T10:33:04Z" finished-at="2019-06-08T10:33:13Z">
          <reporter-output>
          </reporter-output>
        </test-method> <!-- initilialize -->
        <test-method status="PASS" signature="MCOLogin()[pri:0, instance:pageObjectTestCases.TC01Login@359f7cdf]" name="MCOLogin" duration-ms="11841" started-at="2019-06-08T10:33:13Z" finished-at="2019-06-08T10:33:25Z">
          <reporter-output>
          </reporter-output>
        </test-method> <!-- MCOLogin -->
        <test-method status="PASS" signature="after()[pri:0, instance:pageObjectTestCases.TC01Login@359f7cdf]" name="after" is-config="true" duration-ms="2488" started-at="2019-06-08T10:33:25Z" finished-at="2019-06-08T10:33:27Z">
          <reporter-output>
          </reporter-output>
        </test-method> <!-- after -->
      </class> <!-- pageObjectTestCases.TC01Login -->
    </test> <!-- Default test -->
  </suite> <!-- Default suite -->
</testng-results>
